<?xml version="1.0" encoding="UTF-8"?>
<!-- Generated by org.testng.reporters.JUnitXMLReporter -->
<testsuite ignored="0" hostname="LTCH-5CD105HT8B" failures="0" tests="11" name="Test" time="143.415" errors="0" timestamp="2023-08-06T19:33:32 IST">
  <testcase classname="com.saudia.qa.FunctionalTestcase.AmedusLogin" name="pnrCreation" time="143.015"/>
  <testcase classname="com.saudia.qa.FunctionalTestcase.AmedusLogin" name="command" time="0.002"/>
  <testcase classname="com.saudia.qa.FunctionalTestcase.AmedusLogin" name="command" time="0.002"/>
  <testcase classname="com.saudia.qa.FunctionalTestcase.AmedusLogin" name="command" time="0.002"/>
  <testcase classname="com.saudia.qa.FunctionalTestcase.AmedusLogin" name="command" time="0.005"/>
  <testcase classname="com.saudia.qa.FunctionalTestcase.AmedusLogin" name="command" time="0.004"/>
  <testcase classname="com.saudia.qa.FunctionalTestcase.AmedusLogin" name="command" time="0.002"/>
  <testcase classname="com.saudia.qa.FunctionalTestcase.AmedusLogin" name="command" time="0.021"/>
  <testcase classname="com.saudia.qa.FunctionalTestcase.AmedusLogin" name="command" time="0.026"/>
  <testcase classname="com.saudia.qa.FunctionalTestcase.AmedusLogin" name="command" time="0.016"/>
  <testcase classname="com.saudia.qa.FunctionalTestcase.AmedusLogin" name="command" time="0.005"/>
</testsuite> <!-- Test -->
