<?xml version="1.0" encoding="UTF-8"?>
<!-- Generated by org.testng.reporters.JUnitXMLReporter -->
<testsuite ignored="0" hostname="LTCH-5CD105HT8B" failures="0" tests="3" name="SmokeTesting" time="14.471" errors="0" timestamp="2023-07-27T12:34:02 IST">
  <testcase classname="com.saudia.qa.FunctionalTestcase.SignInTest" name="LoginPageTitleTest" time="0.832"/>
  <testcase classname="com.saudia.qa.FunctionalTestcase.SignInTest" name="makeMyTripLogo" time="0.452"/>
  <testcase classname="com.saudia.qa.FunctionalTestcase.SignInTest" name="signInPageTest" time="12.902"/>
</testsuite> <!-- SmokeTesting -->
